TITLE = 'solution of Poisson Equation'
 No.   Coord-x,  Coord-y   Result_SPh   Exact_Solution
 1   0.000000   0.000000          0.0000    0.000000
 42   0.025000   0.000000         -0.0000    0.000000
 83   0.050000   0.000000          0.0000    0.000000
 124   0.075000   0.000000          0.0000    0.000000
 165   0.100000   0.000000          0.0000    0.000000
 206   0.125000   0.000000          0.0000    0.000000
 247   0.150000   0.000000          0.0000    0.000000
 288   0.175000   0.000000          0.0000    0.000000
 329   0.200000   0.000000          0.0000    0.000000
 370   0.225000   0.000000          0.0000    0.000000
 411   0.250000   0.000000          0.0000    0.000000
 452   0.275000   0.000000          0.0000    0.000000
 493   0.300000   0.000000          0.0000    0.000000
 534   0.325000   0.000000          0.0000    0.000000
 575   0.350000   0.000000          0.0000    0.000000
 616   0.375000   0.000000          0.0000    0.000000
 657   0.400000   0.000000          0.0000    0.000000
 698   0.425000   0.000000          0.0000    0.000000
 739   0.450000   0.000000          0.0000    0.000000
 780   0.475000   0.000000          0.0000    0.000000
 821   0.500000   0.000000          0.0000    0.000000
 862   0.525000   0.000000          0.0000    0.000000
 903   0.550000   0.000000          0.0000    0.000000
 944   0.575000   0.000000          0.0000    0.000000
 985   0.600000   0.000000          0.0000    0.000000
 1026   0.625000   0.000000          0.0000    0.000000
 1067   0.650000   0.000000          0.0000    0.000000
 1108   0.675000   0.000000          0.0000    0.000000
 1149   0.700000   0.000000          0.0000    0.000000
 1190   0.725000   0.000000          0.0000    0.000000
 1231   0.750000   0.000000          0.0000    0.000000
 1272   0.775000   0.000000          0.0000    0.000000
 1313   0.800000   0.000000          0.0000    0.000000
 1354   0.825000   0.000000          0.0000    0.000000
 1395   0.850000   0.000000          0.0000    0.000000
 1436   0.875000   0.000000          0.0000    0.000000
 1477   0.900000   0.000000          0.0000    0.000000
 1518   0.925000   0.000000          0.0000    0.000000
 1559   0.950000   0.000000          0.0000    0.000000
 1600   0.975000   0.000000         -0.0000    0.000000
 1641   1.000000   0.000000          0.0000    0.000000
 2   0.000000   0.025000         -0.0000    0.000000
 43   0.025000   0.025000          0.0001    0.000312
 84   0.050000   0.025000          0.0003    0.000622
 125   0.075000   0.025000          0.0004    0.000928
 166   0.100000   0.025000          0.0006    0.001228
 207   0.125000   0.025000          0.0008    0.001521
 248   0.150000   0.025000          0.0010    0.001805
 289   0.175000   0.025000          0.0011    0.002077
 330   0.200000   0.025000          0.0012    0.002336
 371   0.225000   0.025000          0.0013    0.002581
 412   0.250000   0.025000          0.0015    0.002811
 453   0.275000   0.025000          0.0016    0.003022
 494   0.300000   0.025000          0.0017    0.003216
 535   0.325000   0.025000          0.0018    0.003389
 576   0.350000   0.025000          0.0019    0.003542
 617   0.375000   0.025000          0.0019    0.003672
 658   0.400000   0.025000          0.0020    0.003780
 699   0.425000   0.025000          0.0020    0.003865
 740   0.450000   0.025000          0.0021    0.003926
 781   0.475000   0.025000          0.0021    0.003963
 822   0.500000   0.025000          0.0021    0.003975
 863   0.525000   0.025000          0.0021    0.003963
 904   0.550000   0.025000          0.0021    0.003926
 945   0.575000   0.025000          0.0020    0.003865
 986   0.600000   0.025000          0.0020    0.003780
 1027   0.625000   0.025000          0.0019    0.003672
 1068   0.650000   0.025000          0.0019    0.003542
 1109   0.675000   0.025000          0.0018    0.003389
 1150   0.700000   0.025000          0.0017    0.003216
 1191   0.725000   0.025000          0.0016    0.003022
 1232   0.750000   0.025000          0.0015    0.002811
 1273   0.775000   0.025000          0.0013    0.002581
 1314   0.800000   0.025000          0.0012    0.002336
 1355   0.825000   0.025000          0.0011    0.002077
 1396   0.850000   0.025000          0.0010    0.001805
 1437   0.875000   0.025000          0.0008    0.001521
 1478   0.900000   0.025000          0.0006    0.001228
 1519   0.925000   0.025000          0.0004    0.000928
 1560   0.950000   0.025000          0.0003    0.000622
 1601   0.975000   0.025000          0.0001    0.000312
 1642   1.000000   0.025000         -0.0000    0.000000
 3   0.000000   0.050000          0.0000    0.000000
 44   0.025000   0.050000          0.0003    0.000622
 85   0.050000   0.050000          0.0011    0.001240
 126   0.075000   0.050000          0.0015    0.001850
 167   0.100000   0.050000          0.0023    0.002449
 208   0.125000   0.050000          0.0027    0.003033
 249   0.150000   0.050000          0.0034    0.003598
 290   0.175000   0.050000          0.0038    0.004141
 331   0.200000   0.050000          0.0044    0.004658
 372   0.225000   0.050000          0.0048    0.005147
 413   0.250000   0.050000          0.0053    0.005604
 454   0.275000   0.050000          0.0057    0.006026
 495   0.300000   0.050000          0.0061    0.006412
 536   0.325000   0.050000          0.0064    0.006757
 577   0.350000   0.050000          0.0067    0.007061
 618   0.375000   0.050000          0.0069    0.007322
 659   0.400000   0.050000          0.0072    0.007537
 700   0.425000   0.050000          0.0073    0.007706
 741   0.450000   0.050000          0.0074    0.007827
 782   0.475000   0.050000          0.0075    0.007901
 823   0.500000   0.050000          0.0075    0.007925
 864   0.525000   0.050000          0.0075    0.007901
 905   0.550000   0.050000          0.0074    0.007827
 946   0.575000   0.050000          0.0073    0.007706
 987   0.600000   0.050000          0.0072    0.007537
 1028   0.625000   0.050000          0.0069    0.007322
 1069   0.650000   0.050000          0.0067    0.007061
 1110   0.675000   0.050000          0.0064    0.006757
 1151   0.700000   0.050000          0.0061    0.006412
 1192   0.725000   0.050000          0.0057    0.006026
 1233   0.750000   0.050000          0.0053    0.005604
 1274   0.775000   0.050000          0.0048    0.005147
 1315   0.800000   0.050000          0.0044    0.004658
 1356   0.825000   0.050000          0.0038    0.004141
 1397   0.850000   0.050000          0.0034    0.003598
 1438   0.875000   0.050000          0.0027    0.003033
 1479   0.900000   0.050000          0.0023    0.002449
 1520   0.925000   0.050000          0.0015    0.001850
 1561   0.950000   0.050000          0.0011    0.001240
 1602   0.975000   0.050000          0.0003    0.000622
 1643   1.000000   0.050000          0.0000    0.000000
 4   0.000000   0.075000          0.0000    0.000000
 45   0.025000   0.075000          0.0004    0.000928
 86   0.050000   0.075000          0.0015    0.001850
 127   0.075000   0.075000          0.0021    0.002761
 168   0.100000   0.075000          0.0031    0.003655
 209   0.125000   0.075000          0.0037    0.004526
 250   0.150000   0.075000          0.0046    0.005369
 291   0.175000   0.075000          0.0052    0.006179
 332   0.200000   0.075000          0.0060    0.006951
 373   0.225000   0.075000          0.0065    0.007681
 414   0.250000   0.075000          0.0072    0.008363
 455   0.275000   0.075000          0.0077    0.008993
 496   0.300000   0.075000          0.0083    0.009568
 537   0.325000   0.075000          0.0087    0.010084
 578   0.350000   0.075000          0.0091    0.010537
 619   0.375000   0.075000          0.0094    0.010926
 660   0.400000   0.075000          0.0098    0.011248
 701   0.425000   0.075000          0.0099    0.011500
 742   0.450000   0.075000          0.0101    0.011681
 783   0.475000   0.075000          0.0102    0.011790
 824   0.500000   0.075000          0.0103    0.011826
 865   0.525000   0.075000          0.0102    0.011790
 906   0.550000   0.075000          0.0101    0.011681
 947   0.575000   0.075000          0.0099    0.011500
 988   0.600000   0.075000          0.0098    0.011248
 1029   0.625000   0.075000          0.0094    0.010926
 1070   0.650000   0.075000          0.0091    0.010537
 1111   0.675000   0.075000          0.0087    0.010084
 1152   0.700000   0.075000          0.0083    0.009568
 1193   0.725000   0.075000          0.0077    0.008993
 1234   0.750000   0.075000          0.0072    0.008363
 1275   0.775000   0.075000          0.0065    0.007681
 1316   0.800000   0.075000          0.0060    0.006951
 1357   0.825000   0.075000          0.0052    0.006179
 1398   0.850000   0.075000          0.0046    0.005369
 1439   0.875000   0.075000          0.0037    0.004526
 1480   0.900000   0.075000          0.0031    0.003655
 1521   0.925000   0.075000          0.0021    0.002761
 1562   0.950000   0.075000          0.0015    0.001850
 1603   0.975000   0.075000          0.0004    0.000928
 1644   1.000000   0.075000          0.0000    0.000000
 5   0.000000   0.100000          0.0000    0.000000
 46   0.025000   0.100000          0.0006    0.001228
 87   0.050000   0.100000          0.0023    0.002449
 128   0.075000   0.100000          0.0031    0.003655
 169   0.100000   0.100000          0.0046    0.004838
 210   0.125000   0.100000          0.0055    0.005991
 251   0.150000   0.100000          0.0068    0.007107
 292   0.175000   0.100000          0.0077    0.008180
 333   0.200000   0.100000          0.0089    0.009202
 374   0.225000   0.100000          0.0097    0.010167
 415   0.250000   0.100000          0.0107    0.011070
 456   0.275000   0.100000          0.0114    0.011904
 497   0.300000   0.100000          0.0123    0.012665
 538   0.325000   0.100000          0.0128    0.013348
 579   0.350000   0.100000          0.0135    0.013949
 620   0.375000   0.100000          0.0139    0.014463
 661   0.400000   0.100000          0.0144    0.014889
 702   0.425000   0.100000          0.0147    0.015222
 743   0.450000   0.100000          0.0150    0.015462
 784   0.475000   0.100000          0.0151    0.015607
 825   0.500000   0.100000          0.0152    0.015655
 866   0.525000   0.100000          0.0151    0.015607
 907   0.550000   0.100000          0.0150    0.015462
 948   0.575000   0.100000          0.0147    0.015222
 989   0.600000   0.100000          0.0144    0.014889
 1030   0.625000   0.100000          0.0139    0.014463
 1071   0.650000   0.100000          0.0135    0.013949
 1112   0.675000   0.100000          0.0128    0.013348
 1153   0.700000   0.100000          0.0123    0.012665
 1194   0.725000   0.100000          0.0114    0.011904
 1235   0.750000   0.100000          0.0107    0.011070
 1276   0.775000   0.100000          0.0097    0.010167
 1317   0.800000   0.100000          0.0089    0.009202
 1358   0.825000   0.100000          0.0077    0.008180
 1399   0.850000   0.100000          0.0068    0.007107
 1440   0.875000   0.100000          0.0055    0.005991
 1481   0.900000   0.100000          0.0046    0.004838
 1522   0.925000   0.100000          0.0031    0.003655
 1563   0.950000   0.100000          0.0023    0.002449
 1604   0.975000   0.100000          0.0006    0.001228
 1645   1.000000   0.100000          0.0000    0.000000
 6   0.000000   0.125000          0.0000    0.000000
 47   0.025000   0.125000          0.0008    0.001521
 88   0.050000   0.125000          0.0027    0.003033
 129   0.075000   0.125000          0.0037    0.004526
 170   0.100000   0.125000          0.0055    0.005991
 211   0.125000   0.125000          0.0065    0.007419
 252   0.150000   0.125000          0.0081    0.008801
 293   0.175000   0.125000          0.0091    0.010130
 334   0.200000   0.125000          0.0105    0.011395
 375   0.225000   0.125000          0.0115    0.012591
 416   0.250000   0.125000          0.0127    0.013709
 457   0.275000   0.125000          0.0136    0.014742
 498   0.300000   0.125000          0.0146    0.015684
 539   0.325000   0.125000          0.0153    0.016530
 580   0.350000   0.125000          0.0161    0.017274
 621   0.375000   0.125000          0.0166    0.017911
 662   0.400000   0.125000          0.0172    0.018438
 703   0.425000   0.125000          0.0175    0.018851
 744   0.450000   0.125000          0.0178    0.019148
 785   0.475000   0.125000          0.0179    0.019327
 826   0.500000   0.125000          0.0181    0.019387
 867   0.525000   0.125000          0.0179    0.019327
 908   0.550000   0.125000          0.0178    0.019148
 949   0.575000   0.125000          0.0175    0.018851
 990   0.600000   0.125000          0.0172    0.018438
 1031   0.625000   0.125000          0.0166    0.017911
 1072   0.650000   0.125000          0.0161    0.017274
 1113   0.675000   0.125000          0.0153    0.016530
 1154   0.700000   0.125000          0.0146    0.015684
 1195   0.725000   0.125000          0.0136    0.014742
 1236   0.750000   0.125000          0.0127    0.013709
 1277   0.775000   0.125000          0.0115    0.012591
 1318   0.800000   0.125000          0.0105    0.011395
 1359   0.825000   0.125000          0.0091    0.010130
 1400   0.850000   0.125000          0.0081    0.008801
 1441   0.875000   0.125000          0.0065    0.007419
 1482   0.900000   0.125000          0.0055    0.005991
 1523   0.925000   0.125000          0.0037    0.004526
 1564   0.950000   0.125000          0.0027    0.003033
 1605   0.975000   0.125000          0.0008    0.001521
 1646   1.000000   0.125000          0.0000    0.000000
 7   0.000000   0.150000          0.0000    0.000000
 48   0.025000   0.150000          0.0010    0.001805
 89   0.050000   0.150000          0.0034    0.003598
 130   0.075000   0.150000          0.0046    0.005369
 171   0.100000   0.150000          0.0068    0.007107
 212   0.125000   0.150000          0.0081    0.008801
 253   0.150000   0.150000          0.0101    0.010442
 294   0.175000   0.150000          0.0114    0.012017
 335   0.200000   0.150000          0.0131    0.013519
 376   0.225000   0.150000          0.0143    0.014937
 417   0.250000   0.150000          0.0158    0.016263
 458   0.275000   0.150000          0.0169    0.017489
 499   0.300000   0.150000          0.0181    0.018607
 540   0.325000   0.150000          0.0190    0.019610
 581   0.350000   0.150000          0.0200    0.020493
 622   0.375000   0.150000          0.0206    0.021249
 663   0.400000   0.150000          0.0214    0.021874
 704   0.425000   0.150000          0.0218    0.022364
 745   0.450000   0.150000          0.0222    0.022716
 786   0.475000   0.150000          0.0223    0.022929
 827   0.500000   0.150000          0.0225    0.022999
 868   0.525000   0.150000          0.0223    0.022929
 909   0.550000   0.150000          0.0222    0.022716
 950   0.575000   0.150000          0.0218    0.022364
 991   0.600000   0.150000          0.0214    0.021874
 1032   0.625000   0.150000          0.0206    0.021249
 1073   0.650000   0.150000          0.0200    0.020493
 1114   0.675000   0.150000          0.0190    0.019610
 1155   0.700000   0.150000          0.0181    0.018607
 1196   0.725000   0.150000          0.0169    0.017489
 1237   0.750000   0.150000          0.0158    0.016263
 1278   0.775000   0.150000          0.0143    0.014937
 1319   0.800000   0.150000          0.0131    0.013519
 1360   0.825000   0.150000          0.0114    0.012017
 1401   0.850000   0.150000          0.0101    0.010442
 1442   0.875000   0.150000          0.0081    0.008801
 1483   0.900000   0.150000          0.0068    0.007107
 1524   0.925000   0.150000          0.0046    0.005369
 1565   0.950000   0.150000          0.0034    0.003598
 1606   0.975000   0.150000          0.0010    0.001805
 1647   1.000000   0.150000          0.0000    0.000000
 8   0.000000   0.175000          0.0000    0.000000
 49   0.025000   0.175000          0.0011    0.002077
 90   0.050000   0.175000          0.0038    0.004141
 131   0.075000   0.175000          0.0052    0.006179
 172   0.100000   0.175000          0.0077    0.008180
 213   0.125000   0.175000          0.0091    0.010130
 254   0.150000   0.175000          0.0114    0.012017
 295   0.175000   0.175000          0.0128    0.013831
 336   0.200000   0.175000          0.0148    0.015559
 377   0.225000   0.175000          0.0161    0.017191
 418   0.250000   0.175000          0.0178    0.018717
 459   0.275000   0.175000          0.0190    0.020128
 500   0.300000   0.175000          0.0204    0.021415
 541   0.325000   0.175000          0.0214    0.022569
 582   0.350000   0.175000          0.0225    0.023585
 623   0.375000   0.175000          0.0232    0.024455
 664   0.400000   0.175000          0.0241    0.025175
 705   0.425000   0.175000          0.0245    0.025739
 746   0.450000   0.175000          0.0250    0.026144
 787   0.475000   0.175000          0.0251    0.026388
 828   0.500000   0.175000          0.0253    0.026470
 869   0.525000   0.175000          0.0251    0.026388
 910   0.550000   0.175000          0.0250    0.026144
 951   0.575000   0.175000          0.0245    0.025739
 992   0.600000   0.175000          0.0241    0.025175
 1033   0.625000   0.175000          0.0232    0.024455
 1074   0.650000   0.175000          0.0225    0.023585
 1115   0.675000   0.175000          0.0214    0.022569
 1156   0.700000   0.175000          0.0204    0.021415
 1197   0.725000   0.175000          0.0190    0.020128
 1238   0.750000   0.175000          0.0178    0.018717
 1279   0.775000   0.175000          0.0161    0.017191
 1320   0.800000   0.175000          0.0148    0.015559
 1361   0.825000   0.175000          0.0128    0.013831
 1402   0.850000   0.175000          0.0114    0.012017
 1443   0.875000   0.175000          0.0091    0.010130
 1484   0.900000   0.175000          0.0077    0.008180
 1525   0.925000   0.175000          0.0052    0.006179
 1566   0.950000   0.175000          0.0038    0.004141
 1607   0.975000   0.175000          0.0011    0.002077
 1648   1.000000   0.175000          0.0000    0.000000
 9   0.000000   0.200000          0.0000    0.000000
 50   0.025000   0.200000          0.0012    0.002336
 91   0.050000   0.200000          0.0044    0.004658
 132   0.075000   0.200000          0.0060    0.006951
 173   0.100000   0.200000          0.0089    0.009202
 214   0.125000   0.200000          0.0105    0.011395
 255   0.150000   0.200000          0.0131    0.013519
 296   0.175000   0.200000          0.0148    0.015559
 337   0.200000   0.200000          0.0171    0.017503
 378   0.225000   0.200000          0.0186    0.019339
 419   0.250000   0.200000          0.0206    0.021056
 460   0.275000   0.200000          0.0219    0.022643
 501   0.300000   0.200000          0.0236    0.024091
 542   0.325000   0.200000          0.0247    0.025390
 583   0.350000   0.200000          0.0260    0.026532
 624   0.375000   0.200000          0.0268    0.027511
 665   0.400000   0.200000          0.0278    0.028320
 706   0.425000   0.200000          0.0283    0.028955
 747   0.450000   0.200000          0.0288    0.029411
 788   0.475000   0.200000          0.0290    0.029686
 829   0.500000   0.200000          0.0292    0.029778
 870   0.525000   0.200000          0.0290    0.029686
 911   0.550000   0.200000          0.0288    0.029411
 952   0.575000   0.200000          0.0283    0.028955
 993   0.600000   0.200000          0.0278    0.028320
 1034   0.625000   0.200000          0.0268    0.027511
 1075   0.650000   0.200000          0.0260    0.026532
 1116   0.675000   0.200000          0.0247    0.025390
 1157   0.700000   0.200000          0.0236    0.024091
 1198   0.725000   0.200000          0.0219    0.022643
 1239   0.750000   0.200000          0.0206    0.021056
 1280   0.775000   0.200000          0.0186    0.019339
 1321   0.800000   0.200000          0.0171    0.017503
 1362   0.825000   0.200000          0.0148    0.015559
 1403   0.850000   0.200000          0.0131    0.013519
 1444   0.875000   0.200000          0.0105    0.011395
 1485   0.900000   0.200000          0.0089    0.009202
 1526   0.925000   0.200000          0.0060    0.006951
 1567   0.950000   0.200000          0.0044    0.004658
 1608   0.975000   0.200000          0.0012    0.002336
 1649   1.000000   0.200000          0.0000    0.000000
 10   0.000000   0.225000          0.0000    0.000000
 51   0.025000   0.225000          0.0013    0.002581
 92   0.050000   0.225000          0.0048    0.005147
 133   0.075000   0.225000          0.0065    0.007681
 174   0.100000   0.225000          0.0097    0.010167
 215   0.125000   0.225000          0.0115    0.012591
 256   0.150000   0.225000          0.0143    0.014937
 297   0.175000   0.225000          0.0161    0.017191
 338   0.200000   0.225000          0.0186    0.019339
 379   0.225000   0.225000          0.0203    0.021368
 420   0.250000   0.225000          0.0224    0.023265
 461   0.275000   0.225000          0.0239    0.025018
 502   0.300000   0.225000          0.0257    0.026618
 543   0.325000   0.225000          0.0269    0.028053
 584   0.350000   0.225000          0.0283    0.029315
 625   0.375000   0.225000          0.0293    0.030397
 666   0.400000   0.225000          0.0303    0.031291
 707   0.425000   0.225000          0.0309    0.031992
 748   0.450000   0.225000          0.0315    0.032496
 789   0.475000   0.225000          0.0317    0.032800
 830   0.500000   0.225000          0.0319    0.032901
 871   0.525000   0.225000          0.0317    0.032800
 912   0.550000   0.225000          0.0315    0.032496
 953   0.575000   0.225000          0.0309    0.031992
 994   0.600000   0.225000          0.0303    0.031291
 1035   0.625000   0.225000          0.0293    0.030397
 1076   0.650000   0.225000          0.0283    0.029315
 1117   0.675000   0.225000          0.0269    0.028053
 1158   0.700000   0.225000          0.0257    0.026618
 1199   0.725000   0.225000          0.0239    0.025018
 1240   0.750000   0.225000          0.0224    0.023265
 1281   0.775000   0.225000          0.0203    0.021368
 1322   0.800000   0.225000          0.0186    0.019339
 1363   0.825000   0.225000          0.0161    0.017191
 1404   0.850000   0.225000          0.0143    0.014937
 1445   0.875000   0.225000          0.0115    0.012591
 1486   0.900000   0.225000          0.0097    0.010167
 1527   0.925000   0.225000          0.0065    0.007681
 1568   0.950000   0.225000          0.0048    0.005147
 1609   0.975000   0.225000          0.0013    0.002581
 1650   1.000000   0.225000          0.0000    0.000000
 11   0.000000   0.250000          0.0000    0.000000
 52   0.025000   0.250000          0.0015    0.002811
 93   0.050000   0.250000          0.0053    0.005604
 134   0.075000   0.250000          0.0072    0.008363
 175   0.100000   0.250000          0.0107    0.011070
 216   0.125000   0.250000          0.0127    0.013709
 257   0.150000   0.250000          0.0158    0.016263
 298   0.175000   0.250000          0.0178    0.018717
 339   0.200000   0.250000          0.0206    0.021056
 380   0.225000   0.250000          0.0224    0.023265
 421   0.250000   0.250000          0.0248    0.025330
 462   0.275000   0.250000          0.0265    0.027240
 503   0.300000   0.250000          0.0284    0.028981
 544   0.325000   0.250000          0.0298    0.030544
 585   0.350000   0.250000          0.0313    0.031918
 626   0.375000   0.250000          0.0324    0.033096
 667   0.400000   0.250000          0.0335    0.034069
 708   0.425000   0.250000          0.0341    0.034833
 749   0.450000   0.250000          0.0348    0.035381
 790   0.475000   0.250000          0.0350    0.035712
 831   0.500000   0.250000          0.0352    0.035822
 872   0.525000   0.250000          0.0350    0.035712
 913   0.550000   0.250000          0.0348    0.035381
 954   0.575000   0.250000          0.0341    0.034833
 995   0.600000   0.250000          0.0335    0.034069
 1036   0.625000   0.250000          0.0324    0.033096
 1077   0.650000   0.250000          0.0313    0.031918
 1118   0.675000   0.250000          0.0298    0.030544
 1159   0.700000   0.250000          0.0284    0.028981
 1200   0.725000   0.250000          0.0265    0.027240
 1241   0.750000   0.250000          0.0248    0.025330
 1282   0.775000   0.250000          0.0224    0.023265
 1323   0.800000   0.250000          0.0206    0.021056
 1364   0.825000   0.250000          0.0178    0.018717
 1405   0.850000   0.250000          0.0158    0.016263
 1446   0.875000   0.250000          0.0127    0.013709
 1487   0.900000   0.250000          0.0107    0.011070
 1528   0.925000   0.250000          0.0072    0.008363
 1569   0.950000   0.250000          0.0053    0.005604
 1610   0.975000   0.250000          0.0015    0.002811
 1651   1.000000   0.250000          0.0000    0.000000
 12   0.000000   0.275000          0.0000    0.000000
 53   0.025000   0.275000          0.0016    0.003022
 94   0.050000   0.275000          0.0057    0.006026
 135   0.075000   0.275000          0.0077    0.008993
 176   0.100000   0.275000          0.0114    0.011904
 217   0.125000   0.275000          0.0136    0.014742
 258   0.150000   0.275000          0.0169    0.017489
 299   0.175000   0.275000          0.0190    0.020128
 340   0.200000   0.275000          0.0219    0.022643
 381   0.225000   0.275000          0.0239    0.025018
 422   0.250000   0.275000          0.0265    0.027240
 463   0.275000   0.275000          0.0282    0.029293
 504   0.300000   0.275000          0.0303    0.031165
 545   0.325000   0.275000          0.0318    0.032846
 586   0.350000   0.275000          0.0334    0.034324
 627   0.375000   0.275000          0.0345    0.035590
 668   0.400000   0.275000          0.0357    0.036637
 709   0.425000   0.275000          0.0364    0.037458
 750   0.450000   0.275000          0.0371    0.038048
 791   0.475000   0.275000          0.0373    0.038404
 832   0.500000   0.275000          0.0376    0.038523
 873   0.525000   0.275000          0.0373    0.038404
 914   0.550000   0.275000          0.0371    0.038048
 955   0.575000   0.275000          0.0364    0.037458
 996   0.600000   0.275000          0.0357    0.036637
 1037   0.625000   0.275000          0.0345    0.035590
 1078   0.650000   0.275000          0.0334    0.034324
 1119   0.675000   0.275000          0.0318    0.032846
 1160   0.700000   0.275000          0.0303    0.031165
 1201   0.725000   0.275000          0.0282    0.029293
 1242   0.750000   0.275000          0.0265    0.027240
 1283   0.775000   0.275000          0.0239    0.025018
 1324   0.800000   0.275000          0.0219    0.022643
 1365   0.825000   0.275000          0.0190    0.020128
 1406   0.850000   0.275000          0.0169    0.017489
 1447   0.875000   0.275000          0.0136    0.014742
 1488   0.900000   0.275000          0.0114    0.011904
 1529   0.925000   0.275000          0.0077    0.008993
 1570   0.950000   0.275000          0.0057    0.006026
 1611   0.975000   0.275000          0.0016    0.003022
 1652   1.000000   0.275000          0.0000    0.000000
 13   0.000000   0.300000          0.0000    0.000000
 54   0.025000   0.300000          0.0017    0.003216
 95   0.050000   0.300000          0.0061    0.006412
 136   0.075000   0.300000          0.0083    0.009568
 177   0.100000   0.300000          0.0123    0.012665
 218   0.125000   0.300000          0.0146    0.015684
 259   0.150000   0.300000          0.0181    0.018607
 300   0.175000   0.300000          0.0204    0.021415
 341   0.200000   0.300000          0.0236    0.024091
 382   0.225000   0.300000          0.0257    0.026618
 423   0.250000   0.300000          0.0284    0.028981
 464   0.275000   0.300000          0.0303    0.031165
 505   0.300000   0.300000          0.0326    0.033158
 546   0.325000   0.300000          0.0341    0.034946
 587   0.350000   0.300000          0.0359    0.036518
 628   0.375000   0.300000          0.0371    0.037865
 669   0.400000   0.300000          0.0384    0.038979
 710   0.425000   0.300000          0.0391    0.039853
 751   0.450000   0.300000          0.0399    0.040481
 792   0.475000   0.300000          0.0401    0.040859
 833   0.500000   0.300000          0.0404    0.040985
 874   0.525000   0.300000          0.0401    0.040859
 915   0.550000   0.300000          0.0399    0.040481
 956   0.575000   0.300000          0.0391    0.039853
 997   0.600000   0.300000          0.0384    0.038979
 1038   0.625000   0.300000          0.0371    0.037865
 1079   0.650000   0.300000          0.0359    0.036518
 1120   0.675000   0.300000          0.0341    0.034946
 1161   0.700000   0.300000          0.0326    0.033158
 1202   0.725000   0.300000          0.0303    0.031165
 1243   0.750000   0.300000          0.0284    0.028981
 1284   0.775000   0.300000          0.0257    0.026618
 1325   0.800000   0.300000          0.0236    0.024091
 1366   0.825000   0.300000          0.0204    0.021415
 1407   0.850000   0.300000          0.0181    0.018607
 1448   0.875000   0.300000          0.0146    0.015684
 1489   0.900000   0.300000          0.0123    0.012665
 1530   0.925000   0.300000          0.0083    0.009568
 1571   0.950000   0.300000          0.0061    0.006412
 1612   0.975000   0.300000          0.0017    0.003216
 1653   1.000000   0.300000          0.0000    0.000000
 14   0.000000   0.325000          0.0000    0.000000
 55   0.025000   0.325000          0.0018    0.003389
 96   0.050000   0.325000          0.0064    0.006757
 137   0.075000   0.325000          0.0087    0.010084
 178   0.100000   0.325000          0.0128    0.013348
 219   0.125000   0.325000          0.0153    0.016530
 260   0.150000   0.325000          0.0190    0.019610
 301   0.175000   0.325000          0.0214    0.022569
 342   0.200000   0.325000          0.0247    0.025390
 383   0.225000   0.325000          0.0269    0.028053
 424   0.250000   0.325000          0.0298    0.030544
 465   0.275000   0.325000          0.0318    0.032846
 506   0.300000   0.325000          0.0341    0.034946
 547   0.325000   0.325000          0.0358    0.036830
 588   0.350000   0.325000          0.0376    0.038487
 629   0.375000   0.325000          0.0389    0.039907
 670   0.400000   0.325000          0.0402    0.041081
 711   0.425000   0.325000          0.0410    0.042002
 752   0.450000   0.325000          0.0418    0.042663
 793   0.475000   0.325000          0.0420    0.043062
 834   0.500000   0.325000          0.0423    0.043195
 875   0.525000   0.325000          0.0420    0.043062
 916   0.550000   0.325000          0.0418    0.042663
 957   0.575000   0.325000          0.0410    0.042002
 998   0.600000   0.325000          0.0402    0.041081
 1039   0.625000   0.325000          0.0389    0.039907
 1080   0.650000   0.325000          0.0376    0.038487
 1121   0.675000   0.325000          0.0358    0.036830
 1162   0.700000   0.325000          0.0341    0.034946
 1203   0.725000   0.325000          0.0318    0.032846
 1244   0.750000   0.325000          0.0298    0.030544
 1285   0.775000   0.325000          0.0269    0.028053
 1326   0.800000   0.325000          0.0247    0.025390
 1367   0.825000   0.325000          0.0214    0.022569
 1408   0.850000   0.325000          0.0190    0.019610
 1449   0.875000   0.325000          0.0153    0.016530
 1490   0.900000   0.325000          0.0128    0.013348
 1531   0.925000   0.325000          0.0087    0.010084
 1572   0.950000   0.325000          0.0064    0.006757
 1613   0.975000   0.325000          0.0018    0.003389
 1654   1.000000   0.325000          0.0000    0.000000
 15   0.000000   0.350000          0.0000    0.000000
 56   0.025000   0.350000          0.0019    0.003542
 97   0.050000   0.350000          0.0067    0.007061
 138   0.075000   0.350000          0.0091    0.010537
 179   0.100000   0.350000          0.0135    0.013949
 220   0.125000   0.350000          0.0161    0.017274
 261   0.150000   0.350000          0.0200    0.020493
 302   0.175000   0.350000          0.0225    0.023585
 343   0.200000   0.350000          0.0260    0.026532
 384   0.225000   0.350000          0.0283    0.029315
 425   0.250000   0.350000          0.0313    0.031918
 466   0.275000   0.350000          0.0334    0.034324
 507   0.300000   0.350000          0.0359    0.036518
 548   0.325000   0.350000          0.0376    0.038487
 589   0.350000   0.350000          0.0396    0.040219
 630   0.375000   0.350000          0.0409    0.041703
 671   0.400000   0.350000          0.0423    0.042930
 712   0.425000   0.350000          0.0431    0.043892
 753   0.450000   0.350000          0.0439    0.044583
 794   0.475000   0.350000          0.0442    0.045000
 835   0.500000   0.350000          0.0445    0.045139
 876   0.525000   0.350000          0.0442    0.045000
 917   0.550000   0.350000          0.0439    0.044583
 958   0.575000   0.350000          0.0431    0.043892
 999   0.600000   0.350000          0.0423    0.042930
 1040   0.625000   0.350000          0.0409    0.041703
 1081   0.650000   0.350000          0.0396    0.040219
 1122   0.675000   0.350000          0.0376    0.038487
 1163   0.700000   0.350000          0.0359    0.036518
 1204   0.725000   0.350000          0.0334    0.034324
 1245   0.750000   0.350000          0.0313    0.031918
 1286   0.775000   0.350000          0.0283    0.029315
 1327   0.800000   0.350000          0.0260    0.026532
 1368   0.825000   0.350000          0.0225    0.023585
 1409   0.850000   0.350000          0.0200    0.020493
 1450   0.875000   0.350000          0.0161    0.017274
 1491   0.900000   0.350000          0.0135    0.013949
 1532   0.925000   0.350000          0.0091    0.010537
 1573   0.950000   0.350000          0.0067    0.007061
 1614   0.975000   0.350000          0.0019    0.003542
 1655   1.000000   0.350000          0.0000    0.000000
 16   0.000000   0.375000          0.0000    0.000000
 57   0.025000   0.375000          0.0019    0.003672
 98   0.050000   0.375000          0.0069    0.007322
 139   0.075000   0.375000          0.0094    0.010926
 180   0.100000   0.375000          0.0139    0.014463
 221   0.125000   0.375000          0.0166    0.017911
 262   0.150000   0.375000          0.0206    0.021249
 303   0.175000   0.375000          0.0232    0.024455
 344   0.200000   0.375000          0.0268    0.027511
 385   0.225000   0.375000          0.0293    0.030397
 426   0.250000   0.375000          0.0324    0.033096
 467   0.275000   0.375000          0.0345    0.035590
 508   0.300000   0.375000          0.0371    0.037865
 549   0.325000   0.375000          0.0389    0.039907
 590   0.350000   0.375000          0.0409    0.041703
 631   0.375000   0.375000          0.0422    0.043242
 672   0.400000   0.375000          0.0437    0.044514
 713   0.425000   0.375000          0.0445    0.045511
 754   0.450000   0.375000          0.0454    0.046228
 795   0.475000   0.375000          0.0457    0.046660
 836   0.500000   0.375000          0.0460    0.046804
 877   0.525000   0.375000          0.0457    0.046660
 918   0.550000   0.375000          0.0454    0.046228
 959   0.575000   0.375000          0.0445    0.045511
 1000   0.600000   0.375000          0.0437    0.044514
 1041   0.625000   0.375000          0.0422    0.043242
 1082   0.650000   0.375000          0.0409    0.041703
 1123   0.675000   0.375000          0.0389    0.039907
 1164   0.700000   0.375000          0.0371    0.037865
 1205   0.725000   0.375000          0.0345    0.035590
 1246   0.750000   0.375000          0.0324    0.033096
 1287   0.775000   0.375000          0.0293    0.030397
 1328   0.800000   0.375000          0.0268    0.027511
 1369   0.825000   0.375000          0.0232    0.024455
 1410   0.850000   0.375000          0.0206    0.021249
 1451   0.875000   0.375000          0.0166    0.017911
 1492   0.900000   0.375000          0.0139    0.014463
 1533   0.925000   0.375000          0.0094    0.010926
 1574   0.950000   0.375000          0.0069    0.007322
 1615   0.975000   0.375000          0.0019    0.003672
 1656   1.000000   0.375000          0.0000    0.000000
 17   0.000000   0.400000          0.0000    0.000000
 58   0.025000   0.400000          0.0020    0.003780
 99   0.050000   0.400000          0.0072    0.007537
 140   0.075000   0.400000          0.0098    0.011248
 181   0.100000   0.400000          0.0144    0.014889
 222   0.125000   0.400000          0.0172    0.018438
 263   0.150000   0.400000          0.0214    0.021874
 304   0.175000   0.400000          0.0241    0.025175
 345   0.200000   0.400000          0.0278    0.028320
 386   0.225000   0.400000          0.0303    0.031291
 427   0.250000   0.400000          0.0335    0.034069
 468   0.275000   0.400000          0.0357    0.036637
 509   0.300000   0.400000          0.0384    0.038979
 550   0.325000   0.400000          0.0402    0.041081
 591   0.350000   0.400000          0.0423    0.042930
 632   0.375000   0.400000          0.0437    0.044514
 673   0.400000   0.400000          0.0452    0.045823
 714   0.425000   0.400000          0.0460    0.046850
 755   0.450000   0.400000          0.0469    0.047588
 796   0.475000   0.400000          0.0472    0.048033
 837   0.500000   0.400000          0.0475    0.048181
 878   0.525000   0.400000          0.0472    0.048033
 919   0.550000   0.400000          0.0469    0.047588
 960   0.575000   0.400000          0.0460    0.046850
 1001   0.600000   0.400000          0.0452    0.045823
 1042   0.625000   0.400000          0.0437    0.044514
 1083   0.650000   0.400000          0.0423    0.042930
 1124   0.675000   0.400000          0.0402    0.041081
 1165   0.700000   0.400000          0.0384    0.038979
 1206   0.725000   0.400000          0.0357    0.036637
 1247   0.750000   0.400000          0.0335    0.034069
 1288   0.775000   0.400000          0.0303    0.031291
 1329   0.800000   0.400000          0.0278    0.028320
 1370   0.825000   0.400000          0.0241    0.025175
 1411   0.850000   0.400000          0.0214    0.021874
 1452   0.875000   0.400000          0.0172    0.018438
 1493   0.900000   0.400000          0.0144    0.014889
 1534   0.925000   0.400000          0.0098    0.011248
 1575   0.950000   0.400000          0.0072    0.007537
 1616   0.975000   0.400000          0.0020    0.003780
 1657   1.000000   0.400000          0.0000    0.000000
 18   0.000000   0.425000          0.0000    0.000000
 59   0.025000   0.425000          0.0020    0.003865
 100   0.050000   0.425000          0.0073    0.007706
 141   0.075000   0.425000          0.0099    0.011500
 182   0.100000   0.425000          0.0147    0.015222
 223   0.125000   0.425000          0.0175    0.018851
 264   0.150000   0.425000          0.0218    0.022364
 305   0.175000   0.425000          0.0245    0.025739
 346   0.200000   0.425000          0.0283    0.028955
 387   0.225000   0.425000          0.0309    0.031992
 428   0.250000   0.425000          0.0341    0.034833
 469   0.275000   0.425000          0.0364    0.037458
 510   0.300000   0.425000          0.0391    0.039853
 551   0.325000   0.425000          0.0410    0.042002
 592   0.350000   0.425000          0.0431    0.043892
 633   0.375000   0.425000          0.0445    0.045511
 674   0.400000   0.425000          0.0460    0.046850
 715   0.425000   0.425000          0.0469    0.047900
 756   0.450000   0.425000          0.0478    0.048654
 797   0.475000   0.425000          0.0481    0.049109
 838   0.500000   0.425000          0.0484    0.049261
 879   0.525000   0.425000          0.0481    0.049109
 920   0.550000   0.425000          0.0478    0.048654
 961   0.575000   0.425000          0.0469    0.047900
 1002   0.600000   0.425000          0.0460    0.046850
 1043   0.625000   0.425000          0.0445    0.045511
 1084   0.650000   0.425000          0.0431    0.043892
 1125   0.675000   0.425000          0.0410    0.042002
 1166   0.700000   0.425000          0.0391    0.039853
 1207   0.725000   0.425000          0.0364    0.037458
 1248   0.750000   0.425000          0.0341    0.034833
 1289   0.775000   0.425000          0.0309    0.031992
 1330   0.800000   0.425000          0.0283    0.028955
 1371   0.825000   0.425000          0.0245    0.025739
 1412   0.850000   0.425000          0.0218    0.022364
 1453   0.875000   0.425000          0.0175    0.018851
 1494   0.900000   0.425000          0.0147    0.015222
 1535   0.925000   0.425000          0.0099    0.011500
 1576   0.950000   0.425000          0.0073    0.007706
 1617   0.975000   0.425000          0.0020    0.003865
 1658   1.000000   0.425000          0.0000    0.000000
 19   0.000000   0.450000          0.0000    0.000000
 60   0.025000   0.450000          0.0021    0.003926
 101   0.050000   0.450000          0.0074    0.007827
 142   0.075000   0.450000          0.0101    0.011681
 183   0.100000   0.450000          0.0150    0.015462
 224   0.125000   0.450000          0.0178    0.019148
 265   0.150000   0.450000          0.0222    0.022716
 306   0.175000   0.450000          0.0250    0.026144
 347   0.200000   0.450000          0.0288    0.029411
 388   0.225000   0.450000          0.0315    0.032496
 429   0.250000   0.450000          0.0348    0.035381
 470   0.275000   0.450000          0.0371    0.038048
 511   0.300000   0.450000          0.0399    0.040481
 552   0.325000   0.450000          0.0418    0.042663
 593   0.350000   0.450000          0.0439    0.044583
 634   0.375000   0.450000          0.0454    0.046228
 675   0.400000   0.450000          0.0469    0.047588
 716   0.425000   0.450000          0.0478    0.048654
 757   0.450000   0.450000          0.0488    0.049421
 798   0.475000   0.450000          0.0491    0.049883
 839   0.500000   0.450000          0.0494    0.050037
 880   0.525000   0.450000          0.0491    0.049883
 921   0.550000   0.450000          0.0488    0.049421
 962   0.575000   0.450000          0.0478    0.048654
 1003   0.600000   0.450000          0.0469    0.047588
 1044   0.625000   0.450000          0.0454    0.046228
 1085   0.650000   0.450000          0.0439    0.044583
 1126   0.675000   0.450000          0.0418    0.042663
 1167   0.700000   0.450000          0.0399    0.040481
 1208   0.725000   0.450000          0.0371    0.038048
 1249   0.750000   0.450000          0.0348    0.035381
 1290   0.775000   0.450000          0.0315    0.032496
 1331   0.800000   0.450000          0.0288    0.029411
 1372   0.825000   0.450000          0.0250    0.026144
 1413   0.850000   0.450000          0.0222    0.022716
 1454   0.875000   0.450000          0.0178    0.019148
 1495   0.900000   0.450000          0.0150    0.015462
 1536   0.925000   0.450000          0.0101    0.011681
 1577   0.950000   0.450000          0.0074    0.007827
 1618   0.975000   0.450000          0.0021    0.003926
 1659   1.000000   0.450000          0.0000    0.000000
 20   0.000000   0.475000          0.0000    0.000000
 61   0.025000   0.475000          0.0021    0.003963
 102   0.050000   0.475000          0.0075    0.007901
 143   0.075000   0.475000          0.0102    0.011790
 184   0.100000   0.475000          0.0151    0.015607
 225   0.125000   0.475000          0.0179    0.019327
 266   0.150000   0.475000          0.0223    0.022929
 307   0.175000   0.475000          0.0251    0.026388
 348   0.200000   0.475000          0.0290    0.029686
 389   0.225000   0.475000          0.0317    0.032800
 430   0.250000   0.475000          0.0350    0.035712
 471   0.275000   0.475000          0.0373    0.038404
 512   0.300000   0.475000          0.0401    0.040859
 553   0.325000   0.475000          0.0420    0.043062
 594   0.350000   0.475000          0.0442    0.045000
 635   0.375000   0.475000          0.0457    0.046660
 676   0.400000   0.475000          0.0472    0.048033
 717   0.425000   0.475000          0.0481    0.049109
 758   0.450000   0.475000          0.0491    0.049883
 799   0.475000   0.475000          0.0494    0.050349
 840   0.500000   0.475000          0.0497    0.050504
 881   0.525000   0.475000          0.0494    0.050349
 922   0.550000   0.475000          0.0491    0.049883
 963   0.575000   0.475000          0.0481    0.049109
 1004   0.600000   0.475000          0.0472    0.048033
 1045   0.625000   0.475000          0.0457    0.046660
 1086   0.650000   0.475000          0.0442    0.045000
 1127   0.675000   0.475000          0.0420    0.043062
 1168   0.700000   0.475000          0.0401    0.040859
 1209   0.725000   0.475000          0.0373    0.038404
 1250   0.750000   0.475000          0.0350    0.035712
 1291   0.775000   0.475000          0.0317    0.032800
 1332   0.800000   0.475000          0.0290    0.029686
 1373   0.825000   0.475000          0.0251    0.026388
 1414   0.850000   0.475000          0.0223    0.022929
 1455   0.875000   0.475000          0.0179    0.019327
 1496   0.900000   0.475000          0.0151    0.015607
 1537   0.925000   0.475000          0.0102    0.011790
 1578   0.950000   0.475000          0.0075    0.007901
 1619   0.975000   0.475000          0.0021    0.003963
 1660   1.000000   0.475000          0.0000    0.000000
 21   0.000000   0.500000          0.0000    0.000000
 62   0.025000   0.500000          0.0021    0.003975
 103   0.050000   0.500000          0.0075    0.007925
 144   0.075000   0.500000          0.0103    0.011826
 185   0.100000   0.500000          0.0152    0.015655
 226   0.125000   0.500000          0.0181    0.019387
 267   0.150000   0.500000          0.0225    0.022999
 308   0.175000   0.500000          0.0253    0.026470
 349   0.200000   0.500000          0.0292    0.029778
 390   0.225000   0.500000          0.0319    0.032901
 431   0.250000   0.500000          0.0352    0.035822
 472   0.275000   0.500000          0.0376    0.038523
 513   0.300000   0.500000          0.0404    0.040985
 554   0.325000   0.500000          0.0423    0.043195
 595   0.350000   0.500000          0.0445    0.045139
 636   0.375000   0.500000          0.0460    0.046804
 677   0.400000   0.500000          0.0475    0.048181
 718   0.425000   0.500000          0.0484    0.049261
 759   0.450000   0.500000          0.0494    0.050037
 800   0.475000   0.500000          0.0497    0.050504
 841   0.500000   0.500000          0.0500    0.050661
 882   0.525000   0.500000          0.0497    0.050504
 923   0.550000   0.500000          0.0494    0.050037
 964   0.575000   0.500000          0.0484    0.049261
 1005   0.600000   0.500000          0.0475    0.048181
 1046   0.625000   0.500000          0.0460    0.046804
 1087   0.650000   0.500000          0.0445    0.045139
 1128   0.675000   0.500000          0.0423    0.043195
 1169   0.700000   0.500000          0.0404    0.040985
 1210   0.725000   0.500000          0.0376    0.038523
 1251   0.750000   0.500000          0.0352    0.035822
 1292   0.775000   0.500000          0.0319    0.032901
 1333   0.800000   0.500000          0.0292    0.029778
 1374   0.825000   0.500000          0.0253    0.026470
 1415   0.850000   0.500000          0.0225    0.022999
 1456   0.875000   0.500000          0.0181    0.019387
 1497   0.900000   0.500000          0.0152    0.015655
 1538   0.925000   0.500000          0.0103    0.011826
 1579   0.950000   0.500000          0.0075    0.007925
 1620   0.975000   0.500000          0.0021    0.003975
 1661   1.000000   0.500000          0.0000    0.000000
 22   0.000000   0.525000          0.0000    0.000000
 63   0.025000   0.525000          0.0021    0.003963
 104   0.050000   0.525000          0.0075    0.007901
 145   0.075000   0.525000          0.0102    0.011790
 186   0.100000   0.525000          0.0151    0.015607
 227   0.125000   0.525000          0.0179    0.019327
 268   0.150000   0.525000          0.0223    0.022929
 309   0.175000   0.525000          0.0251    0.026388
 350   0.200000   0.525000          0.0290    0.029686
 391   0.225000   0.525000          0.0317    0.032800
 432   0.250000   0.525000          0.0350    0.035712
 473   0.275000   0.525000          0.0373    0.038404
 514   0.300000   0.525000          0.0401    0.040859
 555   0.325000   0.525000          0.0420    0.043062
 596   0.350000   0.525000          0.0442    0.045000
 637   0.375000   0.525000          0.0457    0.046660
 678   0.400000   0.525000          0.0472    0.048033
 719   0.425000   0.525000          0.0481    0.049109
 760   0.450000   0.525000          0.0491    0.049883
 801   0.475000   0.525000          0.0494    0.050349
 842   0.500000   0.525000          0.0497    0.050504
 883   0.525000   0.525000          0.0494    0.050349
 924   0.550000   0.525000          0.0491    0.049883
 965   0.575000   0.525000          0.0481    0.049109
 1006   0.600000   0.525000          0.0472    0.048033
 1047   0.625000   0.525000          0.0457    0.046660
 1088   0.650000   0.525000          0.0442    0.045000
 1129   0.675000   0.525000          0.0420    0.043062
 1170   0.700000   0.525000          0.0401    0.040859
 1211   0.725000   0.525000          0.0373    0.038404
 1252   0.750000   0.525000          0.0350    0.035712
 1293   0.775000   0.525000          0.0317    0.032800
 1334   0.800000   0.525000          0.0290    0.029686
 1375   0.825000   0.525000          0.0251    0.026388
 1416   0.850000   0.525000          0.0223    0.022929
 1457   0.875000   0.525000          0.0179    0.019327
 1498   0.900000   0.525000          0.0151    0.015607
 1539   0.925000   0.525000          0.0102    0.011790
 1580   0.950000   0.525000          0.0075    0.007901
 1621   0.975000   0.525000          0.0021    0.003963
 1662   1.000000   0.525000          0.0000    0.000000
 23   0.000000   0.550000          0.0000    0.000000
 64   0.025000   0.550000          0.0021    0.003926
 105   0.050000   0.550000          0.0074    0.007827
 146   0.075000   0.550000          0.0101    0.011681
 187   0.100000   0.550000          0.0150    0.015462
 228   0.125000   0.550000          0.0178    0.019148
 269   0.150000   0.550000          0.0222    0.022716
 310   0.175000   0.550000          0.0250    0.026144
 351   0.200000   0.550000          0.0288    0.029411
 392   0.225000   0.550000          0.0315    0.032496
 433   0.250000   0.550000          0.0348    0.035381
 474   0.275000   0.550000          0.0371    0.038048
 515   0.300000   0.550000          0.0399    0.040481
 556   0.325000   0.550000          0.0418    0.042663
 597   0.350000   0.550000          0.0439    0.044583
 638   0.375000   0.550000          0.0454    0.046228
 679   0.400000   0.550000          0.0469    0.047588
 720   0.425000   0.550000          0.0478    0.048654
 761   0.450000   0.550000          0.0488    0.049421
 802   0.475000   0.550000          0.0491    0.049883
 843   0.500000   0.550000          0.0494    0.050037
 884   0.525000   0.550000          0.0491    0.049883
 925   0.550000   0.550000          0.0488    0.049421
 966   0.575000   0.550000          0.0478    0.048654
 1007   0.600000   0.550000          0.0469    0.047588
 1048   0.625000   0.550000          0.0454    0.046228
 1089   0.650000   0.550000          0.0439    0.044583
 1130   0.675000   0.550000          0.0418    0.042663
 1171   0.700000   0.550000          0.0399    0.040481
 1212   0.725000   0.550000          0.0371    0.038048
 1253   0.750000   0.550000          0.0348    0.035381
 1294   0.775000   0.550000          0.0315    0.032496
 1335   0.800000   0.550000          0.0288    0.029411
 1376   0.825000   0.550000          0.0250    0.026144
 1417   0.850000   0.550000          0.0222    0.022716
 1458   0.875000   0.550000          0.0178    0.019148
 1499   0.900000   0.550000          0.0150    0.015462
 1540   0.925000   0.550000          0.0101    0.011681
 1581   0.950000   0.550000          0.0074    0.007827
 1622   0.975000   0.550000          0.0021    0.003926
 1663   1.000000   0.550000          0.0000    0.000000
 24   0.000000   0.575000          0.0000    0.000000
 65   0.025000   0.575000          0.0020    0.003865
 106   0.050000   0.575000          0.0073    0.007706
 147   0.075000   0.575000          0.0099    0.011500
 188   0.100000   0.575000          0.0147    0.015222
 229   0.125000   0.575000          0.0175    0.018851
 270   0.150000   0.575000          0.0218    0.022364
 311   0.175000   0.575000          0.0245    0.025739
 352   0.200000   0.575000          0.0283    0.028955
 393   0.225000   0.575000          0.0309    0.031992
 434   0.250000   0.575000          0.0341    0.034833
 475   0.275000   0.575000          0.0364    0.037458
 516   0.300000   0.575000          0.0391    0.039853
 557   0.325000   0.575000          0.0410    0.042002
 598   0.350000   0.575000          0.0431    0.043892
 639   0.375000   0.575000          0.0445    0.045511
 680   0.400000   0.575000          0.0460    0.046850
 721   0.425000   0.575000          0.0469    0.047900
 762   0.450000   0.575000          0.0478    0.048654
 803   0.475000   0.575000          0.0481    0.049109
 844   0.500000   0.575000          0.0484    0.049261
 885   0.525000   0.575000          0.0481    0.049109
 926   0.550000   0.575000          0.0478    0.048654
 967   0.575000   0.575000          0.0469    0.047900
 1008   0.600000   0.575000          0.0460    0.046850
 1049   0.625000   0.575000          0.0445    0.045511
 1090   0.650000   0.575000          0.0431    0.043892
 1131   0.675000   0.575000          0.0410    0.042002
 1172   0.700000   0.575000          0.0391    0.039853
 1213   0.725000   0.575000          0.0364    0.037458
 1254   0.750000   0.575000          0.0341    0.034833
 1295   0.775000   0.575000          0.0309    0.031992
 1336   0.800000   0.575000          0.0283    0.028955
 1377   0.825000   0.575000          0.0245    0.025739
 1418   0.850000   0.575000          0.0218    0.022364
 1459   0.875000   0.575000          0.0175    0.018851
 1500   0.900000   0.575000          0.0147    0.015222
 1541   0.925000   0.575000          0.0099    0.011500
 1582   0.950000   0.575000          0.0073    0.007706
 1623   0.975000   0.575000          0.0020    0.003865
 1664   1.000000   0.575000          0.0000    0.000000
 25   0.000000   0.600000          0.0000    0.000000
 66   0.025000   0.600000          0.0020    0.003780
 107   0.050000   0.600000          0.0072    0.007537
 148   0.075000   0.600000          0.0098    0.011248
 189   0.100000   0.600000          0.0144    0.014889
 230   0.125000   0.600000          0.0172    0.018438
 271   0.150000   0.600000          0.0214    0.021874
 312   0.175000   0.600000          0.0241    0.025175
 353   0.200000   0.600000          0.0278    0.028320
 394   0.225000   0.600000          0.0303    0.031291
 435   0.250000   0.600000          0.0335    0.034069
 476   0.275000   0.600000          0.0357    0.036637
 517   0.300000   0.600000          0.0384    0.038979
 558   0.325000   0.600000          0.0402    0.041081
 599   0.350000   0.600000          0.0423    0.042930
 640   0.375000   0.600000          0.0437    0.044514
 681   0.400000   0.600000          0.0452    0.045823
 722   0.425000   0.600000          0.0460    0.046850
 763   0.450000   0.600000          0.0469    0.047588
 804   0.475000   0.600000          0.0472    0.048033
 845   0.500000   0.600000          0.0475    0.048181
 886   0.525000   0.600000          0.0472    0.048033
 927   0.550000   0.600000          0.0469    0.047588
 968   0.575000   0.600000          0.0460    0.046850
 1009   0.600000   0.600000          0.0452    0.045823
 1050   0.625000   0.600000          0.0437    0.044514
 1091   0.650000   0.600000          0.0423    0.042930
 1132   0.675000   0.600000          0.0402    0.041081
 1173   0.700000   0.600000          0.0384    0.038979
 1214   0.725000   0.600000          0.0357    0.036637
 1255   0.750000   0.600000          0.0335    0.034069
 1296   0.775000   0.600000          0.0303    0.031291
 1337   0.800000   0.600000          0.0278    0.028320
 1378   0.825000   0.600000          0.0241    0.025175
 1419   0.850000   0.600000          0.0214    0.021874
 1460   0.875000   0.600000          0.0172    0.018438
 1501   0.900000   0.600000          0.0144    0.014889
 1542   0.925000   0.600000          0.0098    0.011248
 1583   0.950000   0.600000          0.0072    0.007537
 1624   0.975000   0.600000          0.0020    0.003780
 1665   1.000000   0.600000          0.0000    0.000000
 26   0.000000   0.625000          0.0000    0.000000
 67   0.025000   0.625000          0.0019    0.003672
 108   0.050000   0.625000          0.0069    0.007322
 149   0.075000   0.625000          0.0094    0.010926
 190   0.100000   0.625000          0.0139    0.014463
 231   0.125000   0.625000          0.0166    0.017911
 272   0.150000   0.625000          0.0206    0.021249
 313   0.175000   0.625000          0.0232    0.024455
 354   0.200000   0.625000          0.0268    0.027511
 395   0.225000   0.625000          0.0293    0.030397
 436   0.250000   0.625000          0.0324    0.033096
 477   0.275000   0.625000          0.0345    0.035590
 518   0.300000   0.625000          0.0371    0.037865
 559   0.325000   0.625000          0.0389    0.039907
 600   0.350000   0.625000          0.0409    0.041703
 641   0.375000   0.625000          0.0422    0.043242
 682   0.400000   0.625000          0.0437    0.044514
 723   0.425000   0.625000          0.0445    0.045511
 764   0.450000   0.625000          0.0454    0.046228
 805   0.475000   0.625000          0.0457    0.046660
 846   0.500000   0.625000          0.0460    0.046804
 887   0.525000   0.625000          0.0457    0.046660
 928   0.550000   0.625000          0.0454    0.046228
 969   0.575000   0.625000          0.0445    0.045511
 1010   0.600000   0.625000          0.0437    0.044514
 1051   0.625000   0.625000          0.0422    0.043242
 1092   0.650000   0.625000          0.0409    0.041703
 1133   0.675000   0.625000          0.0389    0.039907
 1174   0.700000   0.625000          0.0371    0.037865
 1215   0.725000   0.625000          0.0345    0.035590
 1256   0.750000   0.625000          0.0324    0.033096
 1297   0.775000   0.625000          0.0293    0.030397
 1338   0.800000   0.625000          0.0268    0.027511
 1379   0.825000   0.625000          0.0232    0.024455
 1420   0.850000   0.625000          0.0206    0.021249
 1461   0.875000   0.625000          0.0166    0.017911
 1502   0.900000   0.625000          0.0139    0.014463
 1543   0.925000   0.625000          0.0094    0.010926
 1584   0.950000   0.625000          0.0069    0.007322
 1625   0.975000   0.625000          0.0019    0.003672
 1666   1.000000   0.625000          0.0000    0.000000
 27   0.000000   0.650000          0.0000    0.000000
 68   0.025000   0.650000          0.0019    0.003542
 109   0.050000   0.650000          0.0067    0.007061
 150   0.075000   0.650000          0.0091    0.010537
 191   0.100000   0.650000          0.0135    0.013949
 232   0.125000   0.650000          0.0161    0.017274
 273   0.150000   0.650000          0.0200    0.020493
 314   0.175000   0.650000          0.0225    0.023585
 355   0.200000   0.650000          0.0260    0.026532
 396   0.225000   0.650000          0.0283    0.029315
 437   0.250000   0.650000          0.0313    0.031918
 478   0.275000   0.650000          0.0334    0.034324
 519   0.300000   0.650000          0.0359    0.036518
 560   0.325000   0.650000          0.0376    0.038487
 601   0.350000   0.650000          0.0396    0.040219
 642   0.375000   0.650000          0.0409    0.041703
 683   0.400000   0.650000          0.0423    0.042930
 724   0.425000   0.650000          0.0431    0.043892
 765   0.450000   0.650000          0.0439    0.044583
 806   0.475000   0.650000          0.0442    0.045000
 847   0.500000   0.650000          0.0445    0.045139
 888   0.525000   0.650000          0.0442    0.045000
 929   0.550000   0.650000          0.0439    0.044583
 970   0.575000   0.650000          0.0431    0.043892
 1011   0.600000   0.650000          0.0423    0.042930
 1052   0.625000   0.650000          0.0409    0.041703
 1093   0.650000   0.650000          0.0396    0.040219
 1134   0.675000   0.650000          0.0376    0.038487
 1175   0.700000   0.650000          0.0359    0.036518
 1216   0.725000   0.650000          0.0334    0.034324
 1257   0.750000   0.650000          0.0313    0.031918
 1298   0.775000   0.650000          0.0283    0.029315
 1339   0.800000   0.650000          0.0260    0.026532
 1380   0.825000   0.650000          0.0225    0.023585
 1421   0.850000   0.650000          0.0200    0.020493
 1462   0.875000   0.650000          0.0161    0.017274
 1503   0.900000   0.650000          0.0135    0.013949
 1544   0.925000   0.650000          0.0091    0.010537
 1585   0.950000   0.650000          0.0067    0.007061
 1626   0.975000   0.650000          0.0019    0.003542
 1667   1.000000   0.650000          0.0000    0.000000
 28   0.000000   0.675000          0.0000    0.000000
 69   0.025000   0.675000          0.0018    0.003389
 110   0.050000   0.675000          0.0064    0.006757
 151   0.075000   0.675000          0.0087    0.010084
 192   0.100000   0.675000          0.0128    0.013348
 233   0.125000   0.675000          0.0153    0.016530
 274   0.150000   0.675000          0.0190    0.019610
 315   0.175000   0.675000          0.0214    0.022569
 356   0.200000   0.675000          0.0247    0.025390
 397   0.225000   0.675000          0.0269    0.028053
 438   0.250000   0.675000          0.0298    0.030544
 479   0.275000   0.675000          0.0318    0.032846
 520   0.300000   0.675000          0.0341    0.034946
 561   0.325000   0.675000          0.0358    0.036830
 602   0.350000   0.675000          0.0376    0.038487
 643   0.375000   0.675000          0.0389    0.039907
 684   0.400000   0.675000          0.0402    0.041081
 725   0.425000   0.675000          0.0410    0.042002
 766   0.450000   0.675000          0.0418    0.042663
 807   0.475000   0.675000          0.0420    0.043062
 848   0.500000   0.675000          0.0423    0.043195
 889   0.525000   0.675000          0.0420    0.043062
 930   0.550000   0.675000          0.0418    0.042663
 971   0.575000   0.675000          0.0410    0.042002
 1012   0.600000   0.675000          0.0402    0.041081
 1053   0.625000   0.675000          0.0389    0.039907
 1094   0.650000   0.675000          0.0376    0.038487
 1135   0.675000   0.675000          0.0358    0.036830
 1176   0.700000   0.675000          0.0341    0.034946
 1217   0.725000   0.675000          0.0318    0.032846
 1258   0.750000   0.675000          0.0298    0.030544
 1299   0.775000   0.675000          0.0269    0.028053
 1340   0.800000   0.675000          0.0247    0.025390
 1381   0.825000   0.675000          0.0214    0.022569
 1422   0.850000   0.675000          0.0190    0.019610
 1463   0.875000   0.675000          0.0153    0.016530
 1504   0.900000   0.675000          0.0128    0.013348
 1545   0.925000   0.675000          0.0087    0.010084
 1586   0.950000   0.675000          0.0064    0.006757
 1627   0.975000   0.675000          0.0018    0.003389
 1668   1.000000   0.675000          0.0000    0.000000
 29   0.000000   0.700000          0.0000    0.000000
 70   0.025000   0.700000          0.0017    0.003216
 111   0.050000   0.700000          0.0061    0.006412
 152   0.075000   0.700000          0.0083    0.009568
 193   0.100000   0.700000          0.0123    0.012665
 234   0.125000   0.700000          0.0146    0.015684
 275   0.150000   0.700000          0.0181    0.018607
 316   0.175000   0.700000          0.0204    0.021415
 357   0.200000   0.700000          0.0236    0.024091
 398   0.225000   0.700000          0.0257    0.026618
 439   0.250000   0.700000          0.0284    0.028981
 480   0.275000   0.700000          0.0303    0.031165
 521   0.300000   0.700000          0.0326    0.033158
 562   0.325000   0.700000          0.0341    0.034946
 603   0.350000   0.700000          0.0359    0.036518
 644   0.375000   0.700000          0.0371    0.037865
 685   0.400000   0.700000          0.0384    0.038979
 726   0.425000   0.700000          0.0391    0.039853
 767   0.450000   0.700000          0.0399    0.040481
 808   0.475000   0.700000          0.0401    0.040859
 849   0.500000   0.700000          0.0404    0.040985
 890   0.525000   0.700000          0.0401    0.040859
 931   0.550000   0.700000          0.0399    0.040481
 972   0.575000   0.700000          0.0391    0.039853
 1013   0.600000   0.700000          0.0384    0.038979
 1054   0.625000   0.700000          0.0371    0.037865
 1095   0.650000   0.700000          0.0359    0.036518
 1136   0.675000   0.700000          0.0341    0.034946
 1177   0.700000   0.700000          0.0326    0.033158
 1218   0.725000   0.700000          0.0303    0.031165
 1259   0.750000   0.700000          0.0284    0.028981
 1300   0.775000   0.700000          0.0257    0.026618
 1341   0.800000   0.700000          0.0236    0.024091
 1382   0.825000   0.700000          0.0204    0.021415
 1423   0.850000   0.700000          0.0181    0.018607
 1464   0.875000   0.700000          0.0146    0.015684
 1505   0.900000   0.700000          0.0123    0.012665
 1546   0.925000   0.700000          0.0083    0.009568
 1587   0.950000   0.700000          0.0061    0.006412
 1628   0.975000   0.700000          0.0017    0.003216
 1669   1.000000   0.700000          0.0000    0.000000
 30   0.000000   0.725000          0.0000    0.000000
 71   0.025000   0.725000          0.0016    0.003022
 112   0.050000   0.725000          0.0057    0.006026
 153   0.075000   0.725000          0.0077    0.008993
 194   0.100000   0.725000          0.0114    0.011904
 235   0.125000   0.725000          0.0136    0.014742
 276   0.150000   0.725000          0.0169    0.017489
 317   0.175000   0.725000          0.0190    0.020128
 358   0.200000   0.725000          0.0219    0.022643
 399   0.225000   0.725000          0.0239    0.025018
 440   0.250000   0.725000          0.0265    0.027240
 481   0.275000   0.725000          0.0282    0.029293
 522   0.300000   0.725000          0.0303    0.031165
 563   0.325000   0.725000          0.0318    0.032846
 604   0.350000   0.725000          0.0334    0.034324
 645   0.375000   0.725000          0.0345    0.035590
 686   0.400000   0.725000          0.0357    0.036637
 727   0.425000   0.725000          0.0364    0.037458
 768   0.450000   0.725000          0.0371    0.038048
 809   0.475000   0.725000          0.0373    0.038404
 850   0.500000   0.725000          0.0376    0.038523
 891   0.525000   0.725000          0.0373    0.038404
 932   0.550000   0.725000          0.0371    0.038048
 973   0.575000   0.725000          0.0364    0.037458
 1014   0.600000   0.725000          0.0357    0.036637
 1055   0.625000   0.725000          0.0345    0.035590
 1096   0.650000   0.725000          0.0334    0.034324
 1137   0.675000   0.725000          0.0318    0.032846
 1178   0.700000   0.725000          0.0303    0.031165
 1219   0.725000   0.725000          0.0282    0.029293
 1260   0.750000   0.725000          0.0265    0.027240
 1301   0.775000   0.725000          0.0239    0.025018
 1342   0.800000   0.725000          0.0219    0.022643
 1383   0.825000   0.725000          0.0190    0.020128
 1424   0.850000   0.725000          0.0169    0.017489
 1465   0.875000   0.725000          0.0136    0.014742
 1506   0.900000   0.725000          0.0114    0.011904
 1547   0.925000   0.725000          0.0077    0.008993
 1588   0.950000   0.725000          0.0057    0.006026
 1629   0.975000   0.725000          0.0016    0.003022
 1670   1.000000   0.725000          0.0000    0.000000
 31   0.000000   0.750000          0.0000    0.000000
 72   0.025000   0.750000          0.0015    0.002811
 113   0.050000   0.750000          0.0053    0.005604
 154   0.075000   0.750000          0.0072    0.008363
 195   0.100000   0.750000          0.0107    0.011070
 236   0.125000   0.750000          0.0127    0.013709
 277   0.150000   0.750000          0.0158    0.016263
 318   0.175000   0.750000          0.0178    0.018717
 359   0.200000   0.750000          0.0206    0.021056
 400   0.225000   0.750000          0.0224    0.023265
 441   0.250000   0.750000          0.0248    0.025330
 482   0.275000   0.750000          0.0265    0.027240
 523   0.300000   0.750000          0.0284    0.028981
 564   0.325000   0.750000          0.0298    0.030544
 605   0.350000   0.750000          0.0313    0.031918
 646   0.375000   0.750000          0.0324    0.033096
 687   0.400000   0.750000          0.0335    0.034069
 728   0.425000   0.750000          0.0341    0.034833
 769   0.450000   0.750000          0.0348    0.035381
 810   0.475000   0.750000          0.0350    0.035712
 851   0.500000   0.750000          0.0352    0.035822
 892   0.525000   0.750000          0.0350    0.035712
 933   0.550000   0.750000          0.0348    0.035381
 974   0.575000   0.750000          0.0341    0.034833
 1015   0.600000   0.750000          0.0335    0.034069
 1056   0.625000   0.750000          0.0324    0.033096
 1097   0.650000   0.750000          0.0313    0.031918
 1138   0.675000   0.750000          0.0298    0.030544
 1179   0.700000   0.750000          0.0284    0.028981
 1220   0.725000   0.750000          0.0265    0.027240
 1261   0.750000   0.750000          0.0248    0.025330
 1302   0.775000   0.750000          0.0224    0.023265
 1343   0.800000   0.750000          0.0206    0.021056
 1384   0.825000   0.750000          0.0178    0.018717
 1425   0.850000   0.750000          0.0158    0.016263
 1466   0.875000   0.750000          0.0127    0.013709
 1507   0.900000   0.750000          0.0107    0.011070
 1548   0.925000   0.750000          0.0072    0.008363
 1589   0.950000   0.750000          0.0053    0.005604
 1630   0.975000   0.750000          0.0015    0.002811
 1671   1.000000   0.750000          0.0000    0.000000
 32   0.000000   0.775000          0.0000    0.000000
 73   0.025000   0.775000          0.0013    0.002581
 114   0.050000   0.775000          0.0048    0.005147
 155   0.075000   0.775000          0.0065    0.007681
 196   0.100000   0.775000          0.0097    0.010167
 237   0.125000   0.775000          0.0115    0.012591
 278   0.150000   0.775000          0.0143    0.014937
 319   0.175000   0.775000          0.0161    0.017191
 360   0.200000   0.775000          0.0186    0.019339
 401   0.225000   0.775000          0.0203    0.021368
 442   0.250000   0.775000          0.0224    0.023265
 483   0.275000   0.775000          0.0239    0.025018
 524   0.300000   0.775000          0.0257    0.026618
 565   0.325000   0.775000          0.0269    0.028053
 606   0.350000   0.775000          0.0283    0.029315
 647   0.375000   0.775000          0.0293    0.030397
 688   0.400000   0.775000          0.0303    0.031291
 729   0.425000   0.775000          0.0309    0.031992
 770   0.450000   0.775000          0.0315    0.032496
 811   0.475000   0.775000          0.0317    0.032800
 852   0.500000   0.775000          0.0319    0.032901
 893   0.525000   0.775000          0.0317    0.032800
 934   0.550000   0.775000          0.0315    0.032496
 975   0.575000   0.775000          0.0309    0.031992
 1016   0.600000   0.775000          0.0303    0.031291
 1057   0.625000   0.775000          0.0293    0.030397
 1098   0.650000   0.775000          0.0283    0.029315
 1139   0.675000   0.775000          0.0269    0.028053
 1180   0.700000   0.775000          0.0257    0.026618
 1221   0.725000   0.775000          0.0239    0.025018
 1262   0.750000   0.775000          0.0224    0.023265
 1303   0.775000   0.775000          0.0203    0.021368
 1344   0.800000   0.775000          0.0186    0.019339
 1385   0.825000   0.775000          0.0161    0.017191
 1426   0.850000   0.775000          0.0143    0.014937
 1467   0.875000   0.775000          0.0115    0.012591
 1508   0.900000   0.775000          0.0097    0.010167
 1549   0.925000   0.775000          0.0065    0.007681
 1590   0.950000   0.775000          0.0048    0.005147
 1631   0.975000   0.775000          0.0013    0.002581
 1672   1.000000   0.775000          0.0000    0.000000
 33   0.000000   0.800000          0.0000    0.000000
 74   0.025000   0.800000          0.0012    0.002336
 115   0.050000   0.800000          0.0044    0.004658
 156   0.075000   0.800000          0.0060    0.006951
 197   0.100000   0.800000          0.0089    0.009202
 238   0.125000   0.800000          0.0105    0.011395
 279   0.150000   0.800000          0.0131    0.013519
 320   0.175000   0.800000          0.0148    0.015559
 361   0.200000   0.800000          0.0171    0.017503
 402   0.225000   0.800000          0.0186    0.019339
 443   0.250000   0.800000          0.0206    0.021056
 484   0.275000   0.800000          0.0219    0.022643
 525   0.300000   0.800000          0.0236    0.024091
 566   0.325000   0.800000          0.0247    0.025390
 607   0.350000   0.800000          0.0260    0.026532
 648   0.375000   0.800000          0.0268    0.027511
 689   0.400000   0.800000          0.0278    0.028320
 730   0.425000   0.800000          0.0283    0.028955
 771   0.450000   0.800000          0.0288    0.029411
 812   0.475000   0.800000          0.0290    0.029686
 853   0.500000   0.800000          0.0292    0.029778
 894   0.525000   0.800000          0.0290    0.029686
 935   0.550000   0.800000          0.0288    0.029411
 976   0.575000   0.800000          0.0283    0.028955
 1017   0.600000   0.800000          0.0278    0.028320
 1058   0.625000   0.800000          0.0268    0.027511
 1099   0.650000   0.800000          0.0260    0.026532
 1140   0.675000   0.800000          0.0247    0.025390
 1181   0.700000   0.800000          0.0236    0.024091
 1222   0.725000   0.800000          0.0219    0.022643
 1263   0.750000   0.800000          0.0206    0.021056
 1304   0.775000   0.800000          0.0186    0.019339
 1345   0.800000   0.800000          0.0171    0.017503
 1386   0.825000   0.800000          0.0148    0.015559
 1427   0.850000   0.800000          0.0131    0.013519
 1468   0.875000   0.800000          0.0105    0.011395
 1509   0.900000   0.800000          0.0089    0.009202
 1550   0.925000   0.800000          0.0060    0.006951
 1591   0.950000   0.800000          0.0044    0.004658
 1632   0.975000   0.800000          0.0012    0.002336
 1673   1.000000   0.800000          0.0000    0.000000
 34   0.000000   0.825000          0.0000    0.000000
 75   0.025000   0.825000          0.0011    0.002077
 116   0.050000   0.825000          0.0038    0.004141
 157   0.075000   0.825000          0.0052    0.006179
 198   0.100000   0.825000          0.0077    0.008180
 239   0.125000   0.825000          0.0091    0.010130
 280   0.150000   0.825000          0.0114    0.012017
 321   0.175000   0.825000          0.0128    0.013831
 362   0.200000   0.825000          0.0148    0.015559
 403   0.225000   0.825000          0.0161    0.017191
 444   0.250000   0.825000          0.0178    0.018717
 485   0.275000   0.825000          0.0190    0.020128
 526   0.300000   0.825000          0.0204    0.021415
 567   0.325000   0.825000          0.0214    0.022569
 608   0.350000   0.825000          0.0225    0.023585
 649   0.375000   0.825000          0.0232    0.024455
 690   0.400000   0.825000          0.0241    0.025175
 731   0.425000   0.825000          0.0245    0.025739
 772   0.450000   0.825000          0.0250    0.026144
 813   0.475000   0.825000          0.0251    0.026388
 854   0.500000   0.825000          0.0253    0.026470
 895   0.525000   0.825000          0.0251    0.026388
 936   0.550000   0.825000          0.0250    0.026144
 977   0.575000   0.825000          0.0245    0.025739
 1018   0.600000   0.825000          0.0241    0.025175
 1059   0.625000   0.825000          0.0232    0.024455
 1100   0.650000   0.825000          0.0225    0.023585
 1141   0.675000   0.825000          0.0214    0.022569
 1182   0.700000   0.825000          0.0204    0.021415
 1223   0.725000   0.825000          0.0190    0.020128
 1264   0.750000   0.825000          0.0178    0.018717
 1305   0.775000   0.825000          0.0161    0.017191
 1346   0.800000   0.825000          0.0148    0.015559
 1387   0.825000   0.825000          0.0128    0.013831
 1428   0.850000   0.825000          0.0114    0.012017
 1469   0.875000   0.825000          0.0091    0.010130
 1510   0.900000   0.825000          0.0077    0.008180
 1551   0.925000   0.825000          0.0052    0.006179
 1592   0.950000   0.825000          0.0038    0.004141
 1633   0.975000   0.825000          0.0011    0.002077
 1674   1.000000   0.825000          0.0000    0.000000
 35   0.000000   0.850000          0.0000    0.000000
 76   0.025000   0.850000          0.0010    0.001805
 117   0.050000   0.850000          0.0034    0.003598
 158   0.075000   0.850000          0.0046    0.005369
 199   0.100000   0.850000          0.0068    0.007107
 240   0.125000   0.850000          0.0081    0.008801
 281   0.150000   0.850000          0.0101    0.010442
 322   0.175000   0.850000          0.0114    0.012017
 363   0.200000   0.850000          0.0131    0.013519
 404   0.225000   0.850000          0.0143    0.014937
 445   0.250000   0.850000          0.0158    0.016263
 486   0.275000   0.850000          0.0169    0.017489
 527   0.300000   0.850000          0.0181    0.018607
 568   0.325000   0.850000          0.0190    0.019610
 609   0.350000   0.850000          0.0200    0.020493
 650   0.375000   0.850000          0.0206    0.021249
 691   0.400000   0.850000          0.0214    0.021874
 732   0.425000   0.850000          0.0218    0.022364
 773   0.450000   0.850000          0.0222    0.022716
 814   0.475000   0.850000          0.0223    0.022929
 855   0.500000   0.850000          0.0225    0.022999
 896   0.525000   0.850000          0.0223    0.022929
 937   0.550000   0.850000          0.0222    0.022716
 978   0.575000   0.850000          0.0218    0.022364
 1019   0.600000   0.850000          0.0214    0.021874
 1060   0.625000   0.850000          0.0206    0.021249
 1101   0.650000   0.850000          0.0200    0.020493
 1142   0.675000   0.850000          0.0190    0.019610
 1183   0.700000   0.850000          0.0181    0.018607
 1224   0.725000   0.850000          0.0169    0.017489
 1265   0.750000   0.850000          0.0158    0.016263
 1306   0.775000   0.850000          0.0143    0.014937
 1347   0.800000   0.850000          0.0131    0.013519
 1388   0.825000   0.850000          0.0114    0.012017
 1429   0.850000   0.850000          0.0101    0.010442
 1470   0.875000   0.850000          0.0081    0.008801
 1511   0.900000   0.850000          0.0068    0.007107
 1552   0.925000   0.850000          0.0046    0.005369
 1593   0.950000   0.850000          0.0034    0.003598
 1634   0.975000   0.850000          0.0010    0.001805
 1675   1.000000   0.850000          0.0000    0.000000
 36   0.000000   0.875000          0.0000    0.000000
 77   0.025000   0.875000          0.0008    0.001521
 118   0.050000   0.875000          0.0027    0.003033
 159   0.075000   0.875000          0.0037    0.004526
 200   0.100000   0.875000          0.0055    0.005991
 241   0.125000   0.875000          0.0065    0.007419
 282   0.150000   0.875000          0.0081    0.008801
 323   0.175000   0.875000          0.0091    0.010130
 364   0.200000   0.875000          0.0105    0.011395
 405   0.225000   0.875000          0.0115    0.012591
 446   0.250000   0.875000          0.0127    0.013709
 487   0.275000   0.875000          0.0136    0.014742
 528   0.300000   0.875000          0.0146    0.015684
 569   0.325000   0.875000          0.0153    0.016530
 610   0.350000   0.875000          0.0161    0.017274
 651   0.375000   0.875000          0.0166    0.017911
 692   0.400000   0.875000          0.0172    0.018438
 733   0.425000   0.875000          0.0175    0.018851
 774   0.450000   0.875000          0.0178    0.019148
 815   0.475000   0.875000          0.0179    0.019327
 856   0.500000   0.875000          0.0181    0.019387
 897   0.525000   0.875000          0.0179    0.019327
 938   0.550000   0.875000          0.0178    0.019148
 979   0.575000   0.875000          0.0175    0.018851
 1020   0.600000   0.875000          0.0172    0.018438
 1061   0.625000   0.875000          0.0166    0.017911
 1102   0.650000   0.875000          0.0161    0.017274
 1143   0.675000   0.875000          0.0153    0.016530
 1184   0.700000   0.875000          0.0146    0.015684
 1225   0.725000   0.875000          0.0136    0.014742
 1266   0.750000   0.875000          0.0127    0.013709
 1307   0.775000   0.875000          0.0115    0.012591
 1348   0.800000   0.875000          0.0105    0.011395
 1389   0.825000   0.875000          0.0091    0.010130
 1430   0.850000   0.875000          0.0081    0.008801
 1471   0.875000   0.875000          0.0065    0.007419
 1512   0.900000   0.875000          0.0055    0.005991
 1553   0.925000   0.875000          0.0037    0.004526
 1594   0.950000   0.875000          0.0027    0.003033
 1635   0.975000   0.875000          0.0008    0.001521
 1676   1.000000   0.875000          0.0000    0.000000
 37   0.000000   0.900000          0.0000    0.000000
 78   0.025000   0.900000          0.0006    0.001228
 119   0.050000   0.900000          0.0023    0.002449
 160   0.075000   0.900000          0.0031    0.003655
 201   0.100000   0.900000          0.0046    0.004838
 242   0.125000   0.900000          0.0055    0.005991
 283   0.150000   0.900000          0.0068    0.007107
 324   0.175000   0.900000          0.0077    0.008180
 365   0.200000   0.900000          0.0089    0.009202
 406   0.225000   0.900000          0.0097    0.010167
 447   0.250000   0.900000          0.0107    0.011070
 488   0.275000   0.900000          0.0114    0.011904
 529   0.300000   0.900000          0.0123    0.012665
 570   0.325000   0.900000          0.0128    0.013348
 611   0.350000   0.900000          0.0135    0.013949
 652   0.375000   0.900000          0.0139    0.014463
 693   0.400000   0.900000          0.0144    0.014889
 734   0.425000   0.900000          0.0147    0.015222
 775   0.450000   0.900000          0.0150    0.015462
 816   0.475000   0.900000          0.0151    0.015607
 857   0.500000   0.900000          0.0152    0.015655
 898   0.525000   0.900000          0.0151    0.015607
 939   0.550000   0.900000          0.0150    0.015462
 980   0.575000   0.900000          0.0147    0.015222
 1021   0.600000   0.900000          0.0144    0.014889
 1062   0.625000   0.900000          0.0139    0.014463
 1103   0.650000   0.900000          0.0135    0.013949
 1144   0.675000   0.900000          0.0128    0.013348
 1185   0.700000   0.900000          0.0123    0.012665
 1226   0.725000   0.900000          0.0114    0.011904
 1267   0.750000   0.900000          0.0107    0.011070
 1308   0.775000   0.900000          0.0097    0.010167
 1349   0.800000   0.900000          0.0089    0.009202
 1390   0.825000   0.900000          0.0077    0.008180
 1431   0.850000   0.900000          0.0068    0.007107
 1472   0.875000   0.900000          0.0055    0.005991
 1513   0.900000   0.900000          0.0046    0.004838
 1554   0.925000   0.900000          0.0031    0.003655
 1595   0.950000   0.900000          0.0023    0.002449
 1636   0.975000   0.900000          0.0006    0.001228
 1677   1.000000   0.900000          0.0000    0.000000
 38   0.000000   0.925000          0.0000    0.000000
 79   0.025000   0.925000          0.0004    0.000928
 120   0.050000   0.925000          0.0015    0.001850
 161   0.075000   0.925000          0.0021    0.002761
 202   0.100000   0.925000          0.0031    0.003655
 243   0.125000   0.925000          0.0037    0.004526
 284   0.150000   0.925000          0.0046    0.005369
 325   0.175000   0.925000          0.0052    0.006179
 366   0.200000   0.925000          0.0060    0.006951
 407   0.225000   0.925000          0.0065    0.007681
 448   0.250000   0.925000          0.0072    0.008363
 489   0.275000   0.925000          0.0077    0.008993
 530   0.300000   0.925000          0.0083    0.009568
 571   0.325000   0.925000          0.0087    0.010084
 612   0.350000   0.925000          0.0091    0.010537
 653   0.375000   0.925000          0.0094    0.010926
 694   0.400000   0.925000          0.0098    0.011248
 735   0.425000   0.925000          0.0099    0.011500
 776   0.450000   0.925000          0.0101    0.011681
 817   0.475000   0.925000          0.0102    0.011790
 858   0.500000   0.925000          0.0103    0.011826
 899   0.525000   0.925000          0.0102    0.011790
 940   0.550000   0.925000          0.0101    0.011681
 981   0.575000   0.925000          0.0099    0.011500
 1022   0.600000   0.925000          0.0098    0.011248
 1063   0.625000   0.925000          0.0094    0.010926
 1104   0.650000   0.925000          0.0091    0.010537
 1145   0.675000   0.925000          0.0087    0.010084
 1186   0.700000   0.925000          0.0083    0.009568
 1227   0.725000   0.925000          0.0077    0.008993
 1268   0.750000   0.925000          0.0072    0.008363
 1309   0.775000   0.925000          0.0065    0.007681
 1350   0.800000   0.925000          0.0060    0.006951
 1391   0.825000   0.925000          0.0052    0.006179
 1432   0.850000   0.925000          0.0046    0.005369
 1473   0.875000   0.925000          0.0037    0.004526
 1514   0.900000   0.925000          0.0031    0.003655
 1555   0.925000   0.925000          0.0021    0.002761
 1596   0.950000   0.925000          0.0015    0.001850
 1637   0.975000   0.925000          0.0004    0.000928
 1678   1.000000   0.925000          0.0000    0.000000
 39   0.000000   0.950000          0.0000    0.000000
 80   0.025000   0.950000          0.0003    0.000622
 121   0.050000   0.950000          0.0011    0.001240
 162   0.075000   0.950000          0.0015    0.001850
 203   0.100000   0.950000          0.0023    0.002449
 244   0.125000   0.950000          0.0027    0.003033
 285   0.150000   0.950000          0.0034    0.003598
 326   0.175000   0.950000          0.0038    0.004141
 367   0.200000   0.950000          0.0044    0.004658
 408   0.225000   0.950000          0.0048    0.005147
 449   0.250000   0.950000          0.0053    0.005604
 490   0.275000   0.950000          0.0057    0.006026
 531   0.300000   0.950000          0.0061    0.006412
 572   0.325000   0.950000          0.0064    0.006757
 613   0.350000   0.950000          0.0067    0.007061
 654   0.375000   0.950000          0.0069    0.007322
 695   0.400000   0.950000          0.0072    0.007537
 736   0.425000   0.950000          0.0073    0.007706
 777   0.450000   0.950000          0.0074    0.007827
 818   0.475000   0.950000          0.0075    0.007901
 859   0.500000   0.950000          0.0075    0.007925
 900   0.525000   0.950000          0.0075    0.007901
 941   0.550000   0.950000          0.0074    0.007827
 982   0.575000   0.950000          0.0073    0.007706
 1023   0.600000   0.950000          0.0072    0.007537
 1064   0.625000   0.950000          0.0069    0.007322
 1105   0.650000   0.950000          0.0067    0.007061
 1146   0.675000   0.950000          0.0064    0.006757
 1187   0.700000   0.950000          0.0061    0.006412
 1228   0.725000   0.950000          0.0057    0.006026
 1269   0.750000   0.950000          0.0053    0.005604
 1310   0.775000   0.950000          0.0048    0.005147
 1351   0.800000   0.950000          0.0044    0.004658
 1392   0.825000   0.950000          0.0038    0.004141
 1433   0.850000   0.950000          0.0034    0.003598
 1474   0.875000   0.950000          0.0027    0.003033
 1515   0.900000   0.950000          0.0023    0.002449
 1556   0.925000   0.950000          0.0015    0.001850
 1597   0.950000   0.950000          0.0011    0.001240
 1638   0.975000   0.950000          0.0003    0.000622
 1679   1.000000   0.950000          0.0000    0.000000
 40   0.000000   0.975000         -0.0000    0.000000
 81   0.025000   0.975000          0.0001    0.000312
 122   0.050000   0.975000          0.0003    0.000622
 163   0.075000   0.975000          0.0004    0.000928
 204   0.100000   0.975000          0.0006    0.001228
 245   0.125000   0.975000          0.0008    0.001521
 286   0.150000   0.975000          0.0010    0.001805
 327   0.175000   0.975000          0.0011    0.002077
 368   0.200000   0.975000          0.0012    0.002336
 409   0.225000   0.975000          0.0013    0.002581
 450   0.250000   0.975000          0.0015    0.002811
 491   0.275000   0.975000          0.0016    0.003022
 532   0.300000   0.975000          0.0017    0.003216
 573   0.325000   0.975000          0.0018    0.003389
 614   0.350000   0.975000          0.0019    0.003542
 655   0.375000   0.975000          0.0019    0.003672
 696   0.400000   0.975000          0.0020    0.003780
 737   0.425000   0.975000          0.0020    0.003865
 778   0.450000   0.975000          0.0021    0.003926
 819   0.475000   0.975000          0.0021    0.003963
 860   0.500000   0.975000          0.0021    0.003975
 901   0.525000   0.975000          0.0021    0.003963
 942   0.550000   0.975000          0.0021    0.003926
 983   0.575000   0.975000          0.0020    0.003865
 1024   0.600000   0.975000          0.0020    0.003780
 1065   0.625000   0.975000          0.0019    0.003672
 1106   0.650000   0.975000          0.0019    0.003542
 1147   0.675000   0.975000          0.0018    0.003389
 1188   0.700000   0.975000          0.0017    0.003216
 1229   0.725000   0.975000          0.0016    0.003022
 1270   0.750000   0.975000          0.0015    0.002811
 1311   0.775000   0.975000          0.0013    0.002581
 1352   0.800000   0.975000          0.0012    0.002336
 1393   0.825000   0.975000          0.0011    0.002077
 1434   0.850000   0.975000          0.0010    0.001805
 1475   0.875000   0.975000          0.0008    0.001521
 1516   0.900000   0.975000          0.0006    0.001228
 1557   0.925000   0.975000          0.0004    0.000928
 1598   0.950000   0.975000          0.0003    0.000622
 1639   0.975000   0.975000          0.0001    0.000312
 1680   1.000000   0.975000         -0.0000    0.000000
 41   0.000000   1.000000          0.0000    0.000000
 82   0.025000   1.000000         -0.0000    0.000000
 123   0.050000   1.000000          0.0000    0.000000
 164   0.075000   1.000000          0.0000    0.000000
 205   0.100000   1.000000          0.0000    0.000000
 246   0.125000   1.000000          0.0000    0.000000
 287   0.150000   1.000000          0.0000    0.000000
 328   0.175000   1.000000          0.0000    0.000000
 369   0.200000   1.000000          0.0000    0.000000
 410   0.225000   1.000000          0.0000    0.000000
 451   0.250000   1.000000          0.0000    0.000000
 492   0.275000   1.000000          0.0000    0.000000
 533   0.300000   1.000000          0.0000    0.000000
 574   0.325000   1.000000          0.0000    0.000000
 615   0.350000   1.000000          0.0000    0.000000
 656   0.375000   1.000000          0.0000    0.000000
 697   0.400000   1.000000          0.0000    0.000000
 738   0.425000   1.000000          0.0000    0.000000
 779   0.450000   1.000000          0.0000    0.000000
 820   0.475000   1.000000          0.0000    0.000000
 861   0.500000   1.000000          0.0000    0.000000
 902   0.525000   1.000000          0.0000    0.000000
 943   0.550000   1.000000          0.0000    0.000000
 984   0.575000   1.000000          0.0000    0.000000
 1025   0.600000   1.000000          0.0000    0.000000
 1066   0.625000   1.000000          0.0000    0.000000
 1107   0.650000   1.000000          0.0000    0.000000
 1148   0.675000   1.000000          0.0000    0.000000
 1189   0.700000   1.000000          0.0000    0.000000
 1230   0.725000   1.000000          0.0000    0.000000
 1271   0.750000   1.000000          0.0000    0.000000
 1312   0.775000   1.000000          0.0000    0.000000
 1353   0.800000   1.000000          0.0000    0.000000
 1394   0.825000   1.000000          0.0000    0.000000
 1435   0.850000   1.000000          0.0000    0.000000
 1476   0.875000   1.000000          0.0000    0.000000
 1517   0.900000   1.000000          0.0000    0.000000
 1558   0.925000   1.000000          0.0000    0.000000
 1599   0.950000   1.000000          0.0000    0.000000
 1640   0.975000   1.000000         -0.0000    0.000000
 1681   1.000000   1.000000          0.0000    0.000000
